<?xml version="1.0" encoding="UTF-8"?>
<robot generator="Robot 3.1.2 (Python 3.8.1 on win32)" generated="20200325 14:57:01.776" rpa="false">
<suite id="s1" name="Suites">
<suite id="s1-s1" name="LoginTest" source="C:\Users\prana\PycharmProjects\com.Newtours_RobotFramework\TestCases\LoginTest.robot">
<test id="s1-s1-t1" name="LoginTest">
<kw name="Open My Browser" library="LoginKeyword">
<arguments>
<arg>${Siteurl}</arg>
<arg>${browser}</arg>
</arguments>
<kw name="Open Browser" library="SeleniumLibrary">
<doc>Opens a new browser instance to the given ``url``.</doc>
<arguments>
<arg>${Siteurl}</arg>
<arg>${Browser}</arg>
</arguments>
<msg timestamp="20200325 14:57:02.208" level="INFO">Opening browser 'chrome' to base url 'http://www.newtours.demoaut.com/'.</msg>
<status status="PASS" starttime="20200325 14:57:02.208" endtime="20200325 14:57:07.044"></status>
</kw>
<kw name="Maximize Browser Window" library="SeleniumLibrary">
<doc>Maximizes current browser window.</doc>
<status status="PASS" starttime="20200325 14:57:07.044" endtime="20200325 14:57:08.169"></status>
</kw>
<status status="PASS" starttime="20200325 14:57:02.207" endtime="20200325 14:57:08.169"></status>
</kw>
<kw name="Enter UserName" library="LoginKeyword">
<arguments>
<arg>${user}</arg>
</arguments>
<kw name="Input Text" library="SeleniumLibrary">
<doc>Types the given ``text`` into text field identified by ``locator``.</doc>
<arguments>
<arg>${txt_loginUserName}</arg>
<arg>${username}</arg>
</arguments>
<msg timestamp="20200325 14:57:08.172" level="INFO">Typing text 'tutorial' into text field 'name:userName'.</msg>
<status status="PASS" starttime="20200325 14:57:08.171" endtime="20200325 14:57:08.399"></status>
</kw>
<status status="PASS" starttime="20200325 14:57:08.170" endtime="20200325 14:57:08.400"></status>
</kw>
<kw name="Enter Password" library="LoginKeyword">
<arguments>
<arg>${pwd}</arg>
</arguments>
<kw name="Input Text" library="SeleniumLibrary">
<doc>Types the given ``text`` into text field identified by ``locator``.</doc>
<arguments>
<arg>${txt_loginPassword}</arg>
<arg>${password}</arg>
</arguments>
<msg timestamp="20200325 14:57:08.401" level="INFO">Typing text 'tutorial' into text field 'name:password'.</msg>
<status status="PASS" starttime="20200325 14:57:08.401" endtime="20200325 14:57:08.562"></status>
</kw>
<status status="PASS" starttime="20200325 14:57:08.400" endtime="20200325 14:57:08.562"></status>
</kw>
<kw name="Click SignIn" library="LoginKeyword">
<kw name="Click Button" library="SeleniumLibrary">
<doc>Clicks button identified by ``locator``.</doc>
<arguments>
<arg>${btn_signIN}</arg>
</arguments>
<msg timestamp="20200325 14:57:08.563" level="INFO">Clicking button 'xpath://input[@name='login']'.</msg>
<status status="PASS" starttime="20200325 14:57:08.563" endtime="20200325 14:57:14.472"></status>
</kw>
<status status="PASS" starttime="20200325 14:57:08.562" endtime="20200325 14:57:14.473"></status>
</kw>
<kw name="Sleep" library="BuiltIn">
<doc>Pauses the test executed for the given time.</doc>
<arguments>
<arg>3</arg>
</arguments>
<msg timestamp="20200325 14:57:17.475" level="INFO">Slept 3 seconds</msg>
<status status="PASS" starttime="20200325 14:57:14.473" endtime="20200325 14:57:17.475"></status>
</kw>
<kw name="Verify Succesful Login" library="LoginKeyword">
<kw name="Title Should Be" library="SeleniumLibrary">
<doc>Verifies that current page title equals ``title``.</doc>
<arguments>
<arg>Find a Flight: Mercury Tours:</arg>
</arguments>
<msg timestamp="20200325 14:57:17.481" level="INFO">Page title is 'Find a Flight: Mercury Tours:'.</msg>
<status status="PASS" starttime="20200325 14:57:17.475" endtime="20200325 14:57:17.481"></status>
</kw>
<status status="PASS" starttime="20200325 14:57:17.475" endtime="20200325 14:57:17.481"></status>
</kw>
<kw name="Close My Browser" library="LoginKeyword">
<kw name="Close All Browsers" library="SeleniumLibrary">
<doc>Closes all open browsers and resets the browser cache.</doc>
<status status="PASS" starttime="20200325 14:57:17.481" endtime="20200325 14:57:19.702"></status>
</kw>
<status status="PASS" starttime="20200325 14:57:17.481" endtime="20200325 14:57:19.702"></status>
</kw>
<status status="PASS" starttime="20200325 14:57:02.207" endtime="20200325 14:57:19.702" critical="yes"></status>
</test>
<status status="PASS" starttime="20200325 14:57:01.848" endtime="20200325 14:57:19.704"></status>
</suite>
<status status="PASS" starttime="20200325 14:57:01.780" endtime="20200325 14:57:19.712"></status>
</suite>
<statistics>
<total>
<stat pass="1" fail="0">Critical Tests</stat>
<stat pass="1" fail="0">All Tests</stat>
</total>
<tag>
</tag>
<suite>
<stat pass="1" fail="0" id="s1" name="Suites">Suites</stat>
<stat pass="1" fail="0" id="s1-s1" name="LoginTest">Suites.LoginTest</stat>
</suite>
</statistics>
<errors>
</errors>
</robot>
