<?xml version="1.0" encoding="UTF-8"?>
<robot generator="Robot 3.1.2 (Python 3.8.1 on win32)" generated="20200325 14:57:01.779" rpa="false">
<suite id="s1" name="Suites">
<suite id="s1-s1" name="RegistrationTest" source="C:\Users\prana\PycharmProjects\com.Newtours_RobotFramework\TestCases\RegistrationTest.robot">
<test id="s1-s1-t1" name="RegistrationTest">
<kw name="Open My Browser" library="RegistrationKeywords">
<arguments>
<arg>${Siteurl}</arg>
<arg>${Browser}</arg>
</arguments>
<kw name="Open Browser" library="SeleniumLibrary">
<doc>Opens a new browser instance to the given ``url``.</doc>
<arguments>
<arg>${Siteurl}</arg>
<arg>${Browser}</arg>
</arguments>
<msg timestamp="20200325 14:57:02.216" level="INFO">Opening browser 'chrome' to base url 'http://www.newtours.demoaut.com/'.</msg>
<status status="PASS" starttime="20200325 14:57:02.216" endtime="20200325 14:57:06.769"></status>
</kw>
<kw name="Maximize Browser Window" library="SeleniumLibrary">
<doc>Maximizes current browser window.</doc>
<status status="PASS" starttime="20200325 14:57:06.770" endtime="20200325 14:57:07.906"></status>
</kw>
<status status="PASS" starttime="20200325 14:57:02.215" endtime="20200325 14:57:07.906"></status>
</kw>
<kw name="Click Register Link" library="RegistrationKeywords">
<kw name="Click Link" library="SeleniumLibrary">
<doc>Clicks a link identified by ``locator``.</doc>
<arguments>
<arg>${link_Reg}</arg>
</arguments>
<msg timestamp="20200325 14:57:07.908" level="INFO">Clicking link 'xpath://a[contains(text(),'REGISTER')]'.</msg>
<status status="PASS" starttime="20200325 14:57:07.907" endtime="20200325 14:57:08.771"></status>
</kw>
<status status="PASS" starttime="20200325 14:57:07.907" endtime="20200325 14:57:08.772"></status>
</kw>
<kw name="Enter FirstName" library="RegistrationKeywords">
<arguments>
<arg>Neelraj</arg>
</arguments>
<kw name="Input Text" library="SeleniumLibrary">
<doc>Types the given ``text`` into text field identified by ``locator``.</doc>
<arguments>
<arg>${txt_firstname}</arg>
<arg>${firstName}</arg>
</arguments>
<msg timestamp="20200325 14:57:08.776" level="INFO">Typing text 'Neelraj' into text field 'xpath://input[@name='firstName']'.</msg>
<status status="PASS" starttime="20200325 14:57:08.775" endtime="20200325 14:57:09.204"></status>
</kw>
<status status="PASS" starttime="20200325 14:57:08.773" endtime="20200325 14:57:09.205"></status>
</kw>
<kw name="Enter LastName" library="RegistrationKeywords">
<arguments>
<arg>POthiwala</arg>
</arguments>
<kw name="Input Text" library="SeleniumLibrary">
<doc>Types the given ``text`` into text field identified by ``locator``.</doc>
<arguments>
<arg>${txt_lastname}</arg>
<arg>${lastName}</arg>
</arguments>
<msg timestamp="20200325 14:57:09.207" level="INFO">Typing text 'POthiwala' into text field 'xpath://input[@name='lastName']'.</msg>
<status status="PASS" starttime="20200325 14:57:09.206" endtime="20200325 14:57:09.613"></status>
</kw>
<status status="PASS" starttime="20200325 14:57:09.205" endtime="20200325 14:57:09.614"></status>
</kw>
<kw name="Enter Phone" library="RegistrationKeywords">
<arguments>
<arg>12345678790</arg>
</arguments>
<kw name="Input Text" library="SeleniumLibrary">
<doc>Types the given ``text`` into text field identified by ``locator``.</doc>
<arguments>
<arg>${txt_Phone}</arg>
<arg>${phone}</arg>
</arguments>
<msg timestamp="20200325 14:57:09.616" level="INFO">Typing text '12345678790' into text field 'xpath://input[@name='phone']'.</msg>
<status status="PASS" starttime="20200325 14:57:09.616" endtime="20200325 14:57:10.027"></status>
</kw>
<status status="PASS" starttime="20200325 14:57:09.615" endtime="20200325 14:57:10.028"></status>
</kw>
<kw name="Enter Email" library="RegistrationKeywords">
<arguments>
<arg>xyz@gmail.com</arg>
</arguments>
<kw name="Input Text" library="SeleniumLibrary">
<doc>Types the given ``text`` into text field identified by ``locator``.</doc>
<arguments>
<arg>${txt_email}</arg>
<arg>${email}</arg>
</arguments>
<msg timestamp="20200325 14:57:10.031" level="INFO">Typing text 'xyz@gmail.com' into text field 'xpath://input[@id='userName']'.</msg>
<status status="PASS" starttime="20200325 14:57:10.030" endtime="20200325 14:57:10.453"></status>
</kw>
<status status="PASS" starttime="20200325 14:57:10.028" endtime="20200325 14:57:10.453"></status>
</kw>
<kw name="Enter Address1" library="RegistrationKeywords">
<arguments>
<arg>173a Plashet Grove</arg>
</arguments>
<kw name="Input Text" library="SeleniumLibrary">
<doc>Types the given ``text`` into text field identified by ``locator``.</doc>
<arguments>
<arg>${txt_add1}</arg>
<arg>${add1}</arg>
</arguments>
<msg timestamp="20200325 14:57:10.456" level="INFO">Typing text '173a Plashet Grove' into text field 'xpath://input[@name='address1']'.</msg>
<status status="PASS" starttime="20200325 14:57:10.455" endtime="20200325 14:57:11.018"></status>
</kw>
<status status="PASS" starttime="20200325 14:57:10.454" endtime="20200325 14:57:11.019"></status>
</kw>
<kw name="Enter Address2" library="RegistrationKeywords">
<arguments>
<arg>Eastham East London</arg>
</arguments>
<kw name="Input Text" library="SeleniumLibrary">
<doc>Types the given ``text`` into text field identified by ``locator``.</doc>
<arguments>
<arg>${txt_add2}</arg>
<arg>${add2}</arg>
</arguments>
<msg timestamp="20200325 14:57:11.021" level="INFO">Typing text 'Eastham East London' into text field 'xpath://input[@name='address2']'.</msg>
<status status="PASS" starttime="20200325 14:57:11.020" endtime="20200325 14:57:11.436"></status>
</kw>
<status status="PASS" starttime="20200325 14:57:11.019" endtime="20200325 14:57:11.436"></status>
</kw>
<kw name="Enter City" library="RegistrationKeywords">
<arguments>
<arg>London</arg>
</arguments>
<kw name="Input Text" library="SeleniumLibrary">
<doc>Types the given ``text`` into text field identified by ``locator``.</doc>
<arguments>
<arg>${txt_city}</arg>
<arg>${city}</arg>
</arguments>
<msg timestamp="20200325 14:57:11.439" level="INFO">Typing text 'London' into text field 'xpath://input[@name='city']'.</msg>
<status status="PASS" starttime="20200325 14:57:11.437" endtime="20200325 14:57:11.675"></status>
</kw>
<status status="PASS" starttime="20200325 14:57:11.436" endtime="20200325 14:57:11.676"></status>
</kw>
<kw name="Enter State/Province" library="RegistrationKeywords">
<arguments>
<arg>Essex</arg>
</arguments>
<kw name="Input Text" library="SeleniumLibrary">
<doc>Types the given ``text`` into text field identified by ``locator``.</doc>
<arguments>
<arg>${txt_state}</arg>
<arg>${state}</arg>
</arguments>
<msg timestamp="20200325 14:57:11.677" level="INFO">Typing text 'Essex' into text field 'xpath://input[@name='state']'.</msg>
<status status="PASS" starttime="20200325 14:57:11.677" endtime="20200325 14:57:11.903"></status>
</kw>
<status status="PASS" starttime="20200325 14:57:11.676" endtime="20200325 14:57:11.904"></status>
</kw>
<kw name="Enter Postal Code" library="RegistrationKeywords">
<arguments>
<arg>E6 1BX</arg>
</arguments>
<kw name="Input Text" library="SeleniumLibrary">
<doc>Types the given ``text`` into text field identified by ``locator``.</doc>
<arguments>
<arg>${txt_postcode}</arg>
<arg>${pstcd}</arg>
</arguments>
<msg timestamp="20200325 14:57:11.905" level="INFO">Typing text 'E6 1BX' into text field 'xpath://input[@name='postalCode']'.</msg>
<status status="PASS" starttime="20200325 14:57:11.905" endtime="20200325 14:57:12.154"></status>
</kw>
<status status="PASS" starttime="20200325 14:57:11.904" endtime="20200325 14:57:12.155"></status>
</kw>
<kw name="Select Country" library="RegistrationKeywords">
<arguments>
<arg>UNITED KINGDOM</arg>
</arguments>
<kw name="Select From List By Label" library="SeleniumLibrary">
<doc>Selects options from selection list ``locator`` by ``labels``.</doc>
<arguments>
<arg>${drp_Country}</arg>
<arg>${country}</arg>
</arguments>
<msg timestamp="20200325 14:57:12.156" level="INFO">Selecting options from selection list 'xpath://select[@name='country']' by label UNITED KINGDOM.</msg>
<status status="PASS" starttime="20200325 14:57:12.156" endtime="20200325 14:57:12.346"></status>
</kw>
<status status="PASS" starttime="20200325 14:57:12.155" endtime="20200325 14:57:12.347"></status>
</kw>
<kw name="Enter UserName" library="RegistrationKeywords">
<arguments>
<arg>Neelraj</arg>
</arguments>
<kw name="Input Text" library="SeleniumLibrary">
<doc>Types the given ``text`` into text field identified by ``locator``.</doc>
<arguments>
<arg>${txt_Username}</arg>
<arg>${user}</arg>
</arguments>
<msg timestamp="20200325 14:57:12.350" level="INFO">Typing text 'Neelraj' into text field 'xpath://input[@id='email']'.</msg>
<status status="PASS" starttime="20200325 14:57:12.350" endtime="20200325 14:57:12.545"></status>
</kw>
<status status="PASS" starttime="20200325 14:57:12.348" endtime="20200325 14:57:12.546"></status>
</kw>
<kw name="Enter Password" library="RegistrationKeywords">
<arguments>
<arg>Neelraj11</arg>
</arguments>
<kw name="Input Text" library="SeleniumLibrary">
<doc>Types the given ``text`` into text field identified by ``locator``.</doc>
<arguments>
<arg>${txt_password}</arg>
<arg>${password}</arg>
</arguments>
<msg timestamp="20200325 14:57:12.546" level="INFO">Typing text 'Neelraj11' into text field 'xpath://input[@name='password']'.</msg>
<status status="PASS" starttime="20200325 14:57:12.546" endtime="20200325 14:57:12.686"></status>
</kw>
<status status="PASS" starttime="20200325 14:57:12.546" endtime="20200325 14:57:12.687"></status>
</kw>
<kw name="Enter Confirm Password" library="RegistrationKeywords">
<arguments>
<arg>Neelraj11</arg>
</arguments>
<kw name="Input Text" library="SeleniumLibrary">
<doc>Types the given ``text`` into text field identified by ``locator``.</doc>
<arguments>
<arg>${txt_confirmpassword}</arg>
<arg>${Cpass}</arg>
</arguments>
<msg timestamp="20200325 14:57:12.688" level="INFO">Typing text 'Neelraj11' into text field 'xpath://input[@name='confirmPassword']'.</msg>
<status status="PASS" starttime="20200325 14:57:12.688" endtime="20200325 14:57:12.823"></status>
</kw>
<status status="PASS" starttime="20200325 14:57:12.687" endtime="20200325 14:57:12.823"></status>
</kw>
<kw name="Click Submit" library="RegistrationKeywords">
<kw name="Click Button" library="SeleniumLibrary">
<doc>Clicks button identified by ``locator``.</doc>
<arguments>
<arg>${btn_Submit}</arg>
</arguments>
<msg timestamp="20200325 14:57:12.824" level="INFO">Clicking button 'xpath://input[@name='register']'.</msg>
<status status="PASS" starttime="20200325 14:57:12.824" endtime="20200325 14:57:14.611"></status>
</kw>
<status status="PASS" starttime="20200325 14:57:12.824" endtime="20200325 14:57:14.612"></status>
</kw>
<kw name="Verify Succesful Registration" library="RegistrationKeywords">
<kw name="Page Should Contain" library="SeleniumLibrary">
<doc>Verifies that current page contains ``text``.</doc>
<arguments>
<arg>Thank you for registering.</arg>
</arguments>
<msg timestamp="20200325 14:57:14.656" level="INFO">Current page contains text 'Thank you for registering.'.</msg>
<status status="PASS" starttime="20200325 14:57:14.613" endtime="20200325 14:57:14.657"></status>
</kw>
<status status="PASS" starttime="20200325 14:57:14.612" endtime="20200325 14:57:14.657"></status>
</kw>
<kw name="Close My Browsers" library="RegistrationKeywords">
<kw name="Close All Browsers" library="SeleniumLibrary">
<doc>Closes all open browsers and resets the browser cache.</doc>
<status status="PASS" starttime="20200325 14:57:14.658" endtime="20200325 14:57:16.913"></status>
</kw>
<status status="PASS" starttime="20200325 14:57:14.657" endtime="20200325 14:57:16.913"></status>
</kw>
<status status="PASS" starttime="20200325 14:57:02.213" endtime="20200325 14:57:16.913" critical="yes"></status>
</test>
<status status="PASS" starttime="20200325 14:57:01.851" endtime="20200325 14:57:16.915"></status>
</suite>
<status status="PASS" starttime="20200325 14:57:01.783" endtime="20200325 14:57:16.917"></status>
</suite>
<statistics>
<total>
<stat pass="1" fail="0">Critical Tests</stat>
<stat pass="1" fail="0">All Tests</stat>
</total>
<tag>
</tag>
<suite>
<stat pass="1" fail="0" id="s1" name="Suites">Suites</stat>
<stat pass="1" fail="0" id="s1-s1" name="RegistrationTest">Suites.RegistrationTest</stat>
</suite>
</statistics>
<errors>
</errors>
</robot>
