<?xml version="1.0" encoding="UTF-8"?>
<robot generator="Rebot 3.1.2 (Python 3.8.1 on win32)" generated="20200325 16:00:56.351" rpa="false">
<suite id="s1" name="Suites">
<suite id="s1-s1" name="LoginTest" source="C:\Users\prana\PycharmProjects\com.Newtours_RobotFramework\TestCases\LoginTest.robot">
<test id="s1-s1-t1" name="LoginTest">
<kw name="Open My Browser" library="LoginKeyword">
<arguments>
<arg>${Siteurl}</arg>
<arg>${browser}</arg>
</arguments>
<kw name="Open Browser" library="SeleniumLibrary">
<doc>Opens a new browser instance to the given ``url``.</doc>
<arguments>
<arg>${Siteurl}</arg>
<arg>${Browser}</arg>
</arguments>
<msg timestamp="20200325 16:00:42.707" level="INFO">Opening browser 'headlessfirefox' to base url 'http://www.newtours.demoaut.com/'.</msg>
<status status="PASS" starttime="20200325 16:00:42.707" endtime="20200325 16:00:48.769"></status>
</kw>
<kw name="Maximize Browser Window" library="SeleniumLibrary">
<doc>Maximizes current browser window.</doc>
<status status="PASS" starttime="20200325 16:00:48.770" endtime="20200325 16:00:48.774"></status>
</kw>
<status status="PASS" starttime="20200325 16:00:42.706" endtime="20200325 16:00:48.774"></status>
</kw>
<kw name="Enter UserName" library="LoginKeyword">
<arguments>
<arg>${user}</arg>
</arguments>
<kw name="Input Text" library="SeleniumLibrary">
<doc>Types the given ``text`` into text field identified by ``locator``.</doc>
<arguments>
<arg>${txt_loginUserName}</arg>
<arg>${username}</arg>
</arguments>
<msg timestamp="20200325 16:00:48.775" level="INFO">Typing text 'tutorial' into text field 'name:userName'.</msg>
<status status="PASS" starttime="20200325 16:00:48.775" endtime="20200325 16:00:48.799"></status>
</kw>
<status status="PASS" starttime="20200325 16:00:48.774" endtime="20200325 16:00:48.800"></status>
</kw>
<kw name="Enter Password" library="LoginKeyword">
<arguments>
<arg>${pwd}</arg>
</arguments>
<kw name="Input Text" library="SeleniumLibrary">
<doc>Types the given ``text`` into text field identified by ``locator``.</doc>
<arguments>
<arg>${txt_loginPassword}</arg>
<arg>${password}</arg>
</arguments>
<msg timestamp="20200325 16:00:48.800" level="INFO">Typing text 'tutorial' into text field 'name:password'.</msg>
<status status="PASS" starttime="20200325 16:00:48.800" endtime="20200325 16:00:48.818"></status>
</kw>
<status status="PASS" starttime="20200325 16:00:48.800" endtime="20200325 16:00:48.818"></status>
</kw>
<kw name="Click SignIn" library="LoginKeyword">
<kw name="Click Button" library="SeleniumLibrary">
<doc>Clicks button identified by ``locator``.</doc>
<arguments>
<arg>${btn_signIN}</arg>
</arguments>
<msg timestamp="20200325 16:00:48.819" level="INFO">Clicking button 'xpath://input[@name='login']'.</msg>
<status status="PASS" starttime="20200325 16:00:48.819" endtime="20200325 16:00:54.039"></status>
</kw>
<status status="PASS" starttime="20200325 16:00:48.818" endtime="20200325 16:00:54.039"></status>
</kw>
<kw name="Verify Succesful Login" library="LoginKeyword">
<kw name="Title Should Be" library="SeleniumLibrary">
<doc>Verifies that current page title equals ``title``.</doc>
<arguments>
<arg>Find a Flight: Mercury Tours:</arg>
</arguments>
<kw name="Capture Page Screenshot" library="SeleniumLibrary">
<doc>Takes screenshot of the current page and embeds it into log file.</doc>
<msg timestamp="20200325 16:00:54.127" level="INFO" html="yes">&lt;/td&gt;&lt;/tr&gt;&lt;tr&gt;&lt;td colspan="3"&gt;&lt;a href="0-selenium-screenshot-1.png"&gt;&lt;img src="0-selenium-screenshot-1.png" width="800px"&gt;&lt;/a&gt;</msg>
<status status="PASS" starttime="20200325 16:00:54.042" endtime="20200325 16:00:54.127"></status>
</kw>
<msg timestamp="20200325 16:00:54.159" level="FAIL">Title should have been 'Find a Flight: Mercury Tours:' but was 'Welcome: Mercury Tours'.</msg>
<status status="FAIL" starttime="20200325 16:00:54.039" endtime="20200325 16:00:54.159"></status>
</kw>
<status status="FAIL" starttime="20200325 16:00:54.039" endtime="20200325 16:00:54.159"></status>
</kw>
<status status="FAIL" starttime="20200325 16:00:42.706" endtime="20200325 16:00:54.159" critical="yes">Title should have been 'Find a Flight: Mercury Tours:' but was 'Welcome: Mercury Tours'.</status>
</test>
<status status="FAIL" starttime="20200325 16:00:42.566" endtime="20200325 16:00:54.160"></status>
</suite>
<suite id="s1-s2" name="RegistrationTest" source="C:\Users\prana\PycharmProjects\com.Newtours_RobotFramework\TestCases\RegistrationTest.robot">
<test id="s1-s2-t1" name="RegistrationTest">
<kw name="Open My Browser" library="RegistrationKeywords">
<arguments>
<arg>${Siteurl}</arg>
<arg>${Browser}</arg>
</arguments>
<kw name="Open Browser" library="SeleniumLibrary">
<doc>Opens a new browser instance to the given ``url``.</doc>
<arguments>
<arg>${Siteurl}</arg>
<arg>${Browser}</arg>
</arguments>
<msg timestamp="20200325 16:00:42.720" level="INFO">Opening browser 'headlesschrome' to base url 'http://www.newtours.demoaut.com/'.</msg>
<status status="PASS" starttime="20200325 16:00:42.720" endtime="20200325 16:00:46.117"></status>
</kw>
<kw name="Maximize Browser Window" library="SeleniumLibrary">
<doc>Maximizes current browser window.</doc>
<status status="PASS" starttime="20200325 16:00:46.117" endtime="20200325 16:00:47.225"></status>
</kw>
<status status="PASS" starttime="20200325 16:00:42.720" endtime="20200325 16:00:47.225"></status>
</kw>
<kw name="Click Register Link" library="RegistrationKeywords">
<kw name="Click Link" library="SeleniumLibrary">
<doc>Clicks a link identified by ``locator``.</doc>
<arguments>
<arg>${link_Reg}</arg>
</arguments>
<msg timestamp="20200325 16:00:47.226" level="INFO">Clicking link 'xpath://a[contains(text(),'REGISTER')]'.</msg>
<status status="PASS" starttime="20200325 16:00:47.225" endtime="20200325 16:00:48.374"></status>
</kw>
<status status="PASS" starttime="20200325 16:00:47.225" endtime="20200325 16:00:48.374"></status>
</kw>
<kw name="Enter FirstName" library="RegistrationKeywords">
<arguments>
<arg>Neelraj</arg>
</arguments>
<kw name="Input Text" library="SeleniumLibrary">
<doc>Types the given ``text`` into text field identified by ``locator``.</doc>
<arguments>
<arg>${txt_firstname}</arg>
<arg>${firstName}</arg>
</arguments>
<msg timestamp="20200325 16:00:48.375" level="INFO">Typing text 'Neelraj' into text field 'xpath://input[@name='firstName']'.</msg>
<status status="PASS" starttime="20200325 16:00:48.375" endtime="20200325 16:00:48.443"></status>
</kw>
<status status="PASS" starttime="20200325 16:00:48.375" endtime="20200325 16:00:48.444"></status>
</kw>
<kw name="Enter LastName" library="RegistrationKeywords">
<arguments>
<arg>POthiwala</arg>
</arguments>
<kw name="Input Text" library="SeleniumLibrary">
<doc>Types the given ``text`` into text field identified by ``locator``.</doc>
<arguments>
<arg>${txt_lastname}</arg>
<arg>${lastName}</arg>
</arguments>
<msg timestamp="20200325 16:00:48.444" level="INFO">Typing text 'POthiwala' into text field 'xpath://input[@name='lastName']'.</msg>
<status status="PASS" starttime="20200325 16:00:48.444" endtime="20200325 16:00:48.508"></status>
</kw>
<status status="PASS" starttime="20200325 16:00:48.444" endtime="20200325 16:00:48.508"></status>
</kw>
<kw name="Enter Phone" library="RegistrationKeywords">
<arguments>
<arg>12345678790</arg>
</arguments>
<kw name="Input Text" library="SeleniumLibrary">
<doc>Types the given ``text`` into text field identified by ``locator``.</doc>
<arguments>
<arg>${txt_Phone}</arg>
<arg>${phone}</arg>
</arguments>
<msg timestamp="20200325 16:00:48.509" level="INFO">Typing text '12345678790' into text field 'xpath://input[@name='phone']'.</msg>
<status status="PASS" starttime="20200325 16:00:48.509" endtime="20200325 16:00:48.577"></status>
</kw>
<status status="PASS" starttime="20200325 16:00:48.508" endtime="20200325 16:00:48.577"></status>
</kw>
<kw name="Enter Email" library="RegistrationKeywords">
<arguments>
<arg>xyz@gmail.com</arg>
</arguments>
<kw name="Input Text" library="SeleniumLibrary">
<doc>Types the given ``text`` into text field identified by ``locator``.</doc>
<arguments>
<arg>${txt_email}</arg>
<arg>${email}</arg>
</arguments>
<msg timestamp="20200325 16:00:48.578" level="INFO">Typing text 'xyz@gmail.com' into text field 'xpath://input[@id='userName']'.</msg>
<status status="PASS" starttime="20200325 16:00:48.577" endtime="20200325 16:00:48.648"></status>
</kw>
<status status="PASS" starttime="20200325 16:00:48.577" endtime="20200325 16:00:48.648"></status>
</kw>
<kw name="Enter Address1" library="RegistrationKeywords">
<arguments>
<arg>173a Plashet Grove</arg>
</arguments>
<kw name="Input Text" library="SeleniumLibrary">
<doc>Types the given ``text`` into text field identified by ``locator``.</doc>
<arguments>
<arg>${txt_add1}</arg>
<arg>${add1}</arg>
</arguments>
<msg timestamp="20200325 16:00:48.648" level="INFO">Typing text '173a Plashet Grove' into text field 'xpath://input[@name='address1']'.</msg>
<status status="PASS" starttime="20200325 16:00:48.648" endtime="20200325 16:00:48.722"></status>
</kw>
<status status="PASS" starttime="20200325 16:00:48.648" endtime="20200325 16:00:48.722"></status>
</kw>
<kw name="Enter Address2" library="RegistrationKeywords">
<arguments>
<arg>Eastham East London</arg>
</arguments>
<kw name="Input Text" library="SeleniumLibrary">
<doc>Types the given ``text`` into text field identified by ``locator``.</doc>
<arguments>
<arg>${txt_add2}</arg>
<arg>${add2}</arg>
</arguments>
<msg timestamp="20200325 16:00:48.722" level="INFO">Typing text 'Eastham East London' into text field 'xpath://input[@name='address2']'.</msg>
<status status="PASS" starttime="20200325 16:00:48.722" endtime="20200325 16:00:48.815"></status>
</kw>
<status status="PASS" starttime="20200325 16:00:48.722" endtime="20200325 16:00:48.815"></status>
</kw>
<kw name="Enter City" library="RegistrationKeywords">
<arguments>
<arg>London</arg>
</arguments>
<kw name="Input Text" library="SeleniumLibrary">
<doc>Types the given ``text`` into text field identified by ``locator``.</doc>
<arguments>
<arg>${txt_city}</arg>
<arg>${city}</arg>
</arguments>
<msg timestamp="20200325 16:00:48.816" level="INFO">Typing text 'London' into text field 'xpath://input[@name='city']'.</msg>
<status status="PASS" starttime="20200325 16:00:48.816" endtime="20200325 16:00:48.883"></status>
</kw>
<status status="PASS" starttime="20200325 16:00:48.815" endtime="20200325 16:00:48.883"></status>
</kw>
<kw name="Enter State/Province" library="RegistrationKeywords">
<arguments>
<arg>Essex</arg>
</arguments>
<kw name="Input Text" library="SeleniumLibrary">
<doc>Types the given ``text`` into text field identified by ``locator``.</doc>
<arguments>
<arg>${txt_state}</arg>
<arg>${state}</arg>
</arguments>
<msg timestamp="20200325 16:00:48.884" level="INFO">Typing text 'Essex' into text field 'xpath://input[@name='state']'.</msg>
<status status="PASS" starttime="20200325 16:00:48.884" endtime="20200325 16:00:48.942"></status>
</kw>
<status status="PASS" starttime="20200325 16:00:48.883" endtime="20200325 16:00:48.942"></status>
</kw>
<kw name="Enter Postal Code" library="RegistrationKeywords">
<arguments>
<arg>E6 1BX</arg>
</arguments>
<kw name="Input Text" library="SeleniumLibrary">
<doc>Types the given ``text`` into text field identified by ``locator``.</doc>
<arguments>
<arg>${txt_postcode}</arg>
<arg>${pstcd}</arg>
</arguments>
<msg timestamp="20200325 16:00:48.942" level="INFO">Typing text 'E6 1BX' into text field 'xpath://input[@name='postalCode']'.</msg>
<status status="PASS" starttime="20200325 16:00:48.942" endtime="20200325 16:00:49.006"></status>
</kw>
<status status="PASS" starttime="20200325 16:00:48.942" endtime="20200325 16:00:49.006"></status>
</kw>
<kw name="Select Country" library="RegistrationKeywords">
<arguments>
<arg>UNITED KINGDOM</arg>
</arguments>
<kw name="Select From List By Label" library="SeleniumLibrary">
<doc>Selects options from selection list ``locator`` by ``labels``.</doc>
<arguments>
<arg>${drp_Country}</arg>
<arg>${country}</arg>
</arguments>
<msg timestamp="20200325 16:00:49.007" level="INFO">Selecting options from selection list 'xpath://select[@name='country']' by label UNITED KINGDOM.</msg>
<status status="PASS" starttime="20200325 16:00:49.006" endtime="20200325 16:00:49.063"></status>
</kw>
<status status="PASS" starttime="20200325 16:00:49.006" endtime="20200325 16:00:49.063"></status>
</kw>
<kw name="Enter UserName" library="RegistrationKeywords">
<arguments>
<arg>Neelraj</arg>
</arguments>
<kw name="Input Text" library="SeleniumLibrary">
<doc>Types the given ``text`` into text field identified by ``locator``.</doc>
<arguments>
<arg>${txt_Username}</arg>
<arg>${user}</arg>
</arguments>
<msg timestamp="20200325 16:00:49.063" level="INFO">Typing text 'Neelraj' into text field 'xpath://input[@id='email']'.</msg>
<status status="PASS" starttime="20200325 16:00:49.063" endtime="20200325 16:00:49.130"></status>
</kw>
<status status="PASS" starttime="20200325 16:00:49.063" endtime="20200325 16:00:49.130"></status>
</kw>
<kw name="Enter Password" library="RegistrationKeywords">
<arguments>
<arg>Neelraj11</arg>
</arguments>
<kw name="Input Text" library="SeleniumLibrary">
<doc>Types the given ``text`` into text field identified by ``locator``.</doc>
<arguments>
<arg>${txt_password}</arg>
<arg>${password}</arg>
</arguments>
<msg timestamp="20200325 16:00:49.131" level="INFO">Typing text 'Neelraj11' into text field 'xpath://input[@name='password']'.</msg>
<status status="PASS" starttime="20200325 16:00:49.131" endtime="20200325 16:00:49.196"></status>
</kw>
<status status="PASS" starttime="20200325 16:00:49.130" endtime="20200325 16:00:49.196"></status>
</kw>
<kw name="Enter Confirm Password" library="RegistrationKeywords">
<arguments>
<arg>Neelraj11</arg>
</arguments>
<kw name="Input Text" library="SeleniumLibrary">
<doc>Types the given ``text`` into text field identified by ``locator``.</doc>
<arguments>
<arg>${txt_confirmpassword}</arg>
<arg>${Cpass}</arg>
</arguments>
<msg timestamp="20200325 16:00:49.197" level="INFO">Typing text 'Neelraj11' into text field 'xpath://input[@name='confirmPassword']'.</msg>
<status status="PASS" starttime="20200325 16:00:49.196" endtime="20200325 16:00:49.259"></status>
</kw>
<status status="PASS" starttime="20200325 16:00:49.196" endtime="20200325 16:00:49.259"></status>
</kw>
<kw name="Click Submit" library="RegistrationKeywords">
<kw name="Click Button" library="SeleniumLibrary">
<doc>Clicks button identified by ``locator``.</doc>
<arguments>
<arg>${btn_Submit}</arg>
</arguments>
<msg timestamp="20200325 16:00:49.260" level="INFO">Clicking button 'xpath://input[@name='register']'.</msg>
<status status="PASS" starttime="20200325 16:00:49.259" endtime="20200325 16:00:54.046"></status>
</kw>
<status status="PASS" starttime="20200325 16:00:49.259" endtime="20200325 16:00:54.046"></status>
</kw>
<kw name="Verify Succesful Registration" library="RegistrationKeywords">
<kw name="Page Should Contain" library="SeleniumLibrary">
<doc>Verifies that current page contains ``text``.</doc>
<arguments>
<arg>Thank you for registering.</arg>
</arguments>
<msg timestamp="20200325 16:00:54.064" level="INFO">Current page contains text 'Thank you for registering.'.</msg>
<status status="PASS" starttime="20200325 16:00:54.047" endtime="20200325 16:00:54.064"></status>
</kw>
<status status="PASS" starttime="20200325 16:00:54.046" endtime="20200325 16:00:54.064"></status>
</kw>
<kw name="Close My Browsers" library="RegistrationKeywords">
<kw name="Close All Browsers" library="SeleniumLibrary">
<doc>Closes all open browsers and resets the browser cache.</doc>
<status status="PASS" starttime="20200325 16:00:54.065" endtime="20200325 16:00:56.094"></status>
</kw>
<status status="PASS" starttime="20200325 16:00:54.064" endtime="20200325 16:00:56.094"></status>
</kw>
<status status="PASS" starttime="20200325 16:00:42.719" endtime="20200325 16:00:56.094" critical="yes"></status>
</test>
<status status="PASS" starttime="20200325 16:00:42.569" endtime="20200325 16:00:56.094"></status>
</suite>
<doc>[https://pabot.org/?ref=log|Pabot] result from 2 executions.</doc>
<status status="FAIL" starttime="20200325 16:00:42.545" endtime="20200325 16:00:56.095"></status>
</suite>
<statistics>
<total>
<stat pass="1" fail="1">Critical Tests</stat>
<stat pass="1" fail="1">All Tests</stat>
</total>
<tag>
</tag>
<suite>
<stat pass="1" fail="1" id="s1" name="Suites">Suites</stat>
<stat pass="0" fail="1" id="s1-s1" name="LoginTest">Suites.LoginTest</stat>
<stat pass="1" fail="0" id="s1-s2" name="RegistrationTest">Suites.RegistrationTest</stat>
</suite>
</statistics>
<errors>
</errors>
</robot>
